Traceback (most recent call last):
  File "/Users/adzcai/micromamba/envs/rlbook/lib/python3.11/site-packages/jupyter_cache/executors/utils.py", line 58, in single_nb_execution
    executenb(
  File "/Users/adzcai/micromamba/envs/rlbook/lib/python3.11/site-packages/nbclient/client.py", line 1305, in execute
    return NotebookClient(nb=nb, resources=resources, km=km, **kwargs).execute()
           ^^^^^^^^^^^^^^^^^^^^^^^^^^^^^^^^^^^^^^^^^^^^^^^^^^^^^^^^^^^^^^^^^^^^^
  File "/Users/adzcai/micromamba/envs/rlbook/lib/python3.11/site-packages/jupyter_core/utils/__init__.py", line 165, in wrapped
    return loop.run_until_complete(inner)
           ^^^^^^^^^^^^^^^^^^^^^^^^^^^^^^
  File "/Users/adzcai/micromamba/envs/rlbook/lib/python3.11/asyncio/base_events.py", line 654, in run_until_complete
    return future.result()
           ^^^^^^^^^^^^^^^
  File "/Users/adzcai/micromamba/envs/rlbook/lib/python3.11/site-packages/nbclient/client.py", line 705, in async_execute
    await self.async_execute_cell(
  File "/Users/adzcai/micromamba/envs/rlbook/lib/python3.11/site-packages/nbclient/client.py", line 1058, in async_execute_cell
    await self._check_raise_for_error(cell, cell_index, exec_reply)
  File "/Users/adzcai/micromamba/envs/rlbook/lib/python3.11/site-packages/nbclient/client.py", line 914, in _check_raise_for_error
    raise CellExecutionError.from_cell_and_msg(cell, exec_reply_content)
nbclient.exceptions.CellExecutionError: An error occurred while executing the following cell:
------------------
Params = Float[Array, " D"]


def gradient_descent(
    loss: Callable[[Params], float],
    θ_init: Params,
    η: float,
    epochs: int,
):
    """
    Run gradient descent to minimize the given loss function
    (expressed in terms of the parameters).
    """
    θ = θ_init
    for _ in range(epochs):
        θ = θ - η * grad(loss)(θ)
    return θ
------------------


[0;31m---------------------------------------------------------------------------[0m
[0;31mNameError[0m                                 Traceback (most recent call last)
Cell [0;32mIn[1], line 1[0m
[0;32m----> 1[0m Params [38;5;241m=[39m [43mFloat[49m[Array, [38;5;124m"[39m[38;5;124m D[39m[38;5;124m"[39m]
[1;32m      4[0m [38;5;28;01mdef[39;00m [38;5;21mgradient_descent[39m(
[1;32m      5[0m     loss: Callable[[Params], [38;5;28mfloat[39m],
[1;32m      6[0m     θ_init: Params,
[1;32m      7[0m     η: [38;5;28mfloat[39m,
[1;32m      8[0m     epochs: [38;5;28mint[39m,
[1;32m      9[0m ):
[1;32m     10[0m [38;5;250m    [39m[38;5;124;03m"""[39;00m
[1;32m     11[0m [38;5;124;03m    Run gradient descent to minimize the given loss function[39;00m
[1;32m     12[0m [38;5;124;03m    (expressed in terms of the parameters).[39;00m
[1;32m     13[0m [38;5;124;03m    """[39;00m

[0;31mNameError[0m: name 'Float' is not defined

